DEBUG: load() called, all_entries count=0
DEBUG: Calling _load_full_archive
DEBUG: _load_full_archive called, archive_path=/home/mnorin/Downloads/DOSPACK.7Z, archive_type=7z
DEBUG: Entering 7z case
DEBUG: cmd=7z, archive_path=/home/mnorin/Downloads/DOSPACK.7Z
DEBUG: Line 1: []
DEBUG: Line 2: [7-Zip 25.01 (x64) : Copyright (c) 1999-2025 Igor Pavlov : 2025-08-03]
DEBUG: Line 3: [ 64-bit locale=en_NZ.UTF-8 Threads:12 OPEN_MAX:1024, ASM]
DEBUG: Line 4: []
DEBUG: Line 5: [Scanning the drive for archives:]
DEBUG: Line 6: [1 file, 1631551500 bytes (1556 MiB)]
DEBUG: Line 7: []
DEBUG: Line 8: [Listing archive: /home/mnorin/Downloads/DOSPACK.7Z]
DEBUG: Line 9: []
DEBUG: Line 10: [--]
DEBUG: Line 11: [Path = /home/mnorin/Downloads/DOSPACK.7Z]
DEBUG: Line 12: [Type = 7z]
DEBUG: Line 13: [Physical Size = 1631551500]
DEBUG: Line 14: [Headers Size = 175165]
DEBUG: Line 15: [Method = Delta LZMA2:24 BCJ]
DEBUG: Line 16: [Solid = +]
DEBUG: Line 17: [Blocks = 6]
DEBUG: Line 18: []
DEBUG: Line 19: [   Date      Time    Attr         Size   Compressed  Name]
DEBUG: Line 20: [------------------- ----- ------------ ------------  ------------------------]
DEBUG: Found separator at line 20
DEBUG: separator_line=[------------------- ----- ------------ ------------  ------------------------]
DEBUG: temp=[------------------- ----- ------------ ------------ ]
DEBUG: filename_pos=53
DEBUG: Line 21: [2020-11-03 09:08:38 D....            0            0  ALADDIN]
DEBUG: Extracted filename=[ALADDIN] attr=[D....] size=[0]
DEBUG: Added entry: ALADDIN/|0B
DEBUG: Line 22: [2020-05-24 01:00:22 D...A            0            0  ALADDIN/LIONKING]
DEBUG: Extracted filename=[ALADDIN/LIONKING] attr=[D...A] size=[0]
DEBUG: Added entry: ALADDIN/LIONKING/|0B
DEBUG: Line 23: [2020-11-03 09:12:00 D...A            0            0  ALIEN]
DEBUG: Extracted filename=[ALIEN] attr=[D...A] size=[0]
DEBUG: Added entry: ALIEN/|0B
DEBUG: Line 24: [2021-01-14 09:13:44 D....            0            0  ALIEN/ABUSE]
DEBUG: Extracted filename=[ALIEN/ABUSE] attr=[D....] size=[0]
DEBUG: Added entry: ALIEN/ABUSE/|0B
DEBUG: Line 25: [2020-06-16 08:15:03 D....            0            0  ALIEN/ABUSE/ART]
DEBUG: Extracted filename=[ALIEN/ABUSE/ART] attr=[D....] size=[0]
DEBUG: Added entry: ALIEN/ABUSE/ART/|0B
DEBUG: Found separator at line 19436
DEBUG: Second separator, breaking
DEBUG: Total entries loaded: 19415
